<?xml version="1.0" encoding="UTF-8"?>
<!-- Generated by org.testng.reporters.JUnitXMLReporter -->
<testsuite hostname="DESKTOP-RBDCQ6R" ignored="0" name="Test" tests="7" failures="0" timestamp="2021-09-17T21:09:04 EDT" time="0.055" errors="0">
  <testcase name="shouldAnswerWithTrue" time="0.009" classname="qaclickacademy.Mavenjava.AppTest"/>
  <testcase name="BrowserInvoke" time="0.0" classname="qaclickacademy.Mavenjava.Selenium01_Test"/>
  <testcase name="ElementsUI" time="0.001" classname="qaclickacademy.Mavenjava.Selenium01_Test"/>
  <testcase name="NativeAppAndroid" time="0.0" classname="qaclickacademy.Mavenjava.Apium_03_Test"/>
  <testcase name="iOSApp" time="0.001" classname="qaclickacademy.Mavenjava.Apium_03_Test"/>
  <testcase name="DeleteTwitter" time="0.001" classname="qaclickacademy.Mavenjava.RestAPI_02_Test"/>
  <testcase name="PostJira" time="0.0" classname="qaclickacademy.Mavenjava.RestAPI_02_Test"/>
</testsuite> <!-- Test -->
