<?xml version="1.0" encoding="UTF-8"?>
<testng-results skipped="0" failed="0" ignored="0" total="2" passed="2">
  <reporter-output>
  </reporter-output>
  <suite name="Default suite" duration-ms="50" started-at="2021-09-19T15:11:27 EDT" finished-at="2021-09-19T15:11:27 EDT">
    <groups>
    </groups>
    <test name="Default test" duration-ms="50" started-at="2021-09-19T15:11:27 EDT" finished-at="2021-09-19T15:11:27 EDT">
      <class name="qaclickacademy.Mavenjava.Apium_03_Test">
        <test-method status="PASS" signature="NativeAppAndroid()[pri:0, instance:qaclickacademy.Mavenjava.Apium_03_Test@480bdb19]" name="NativeAppAndroid" duration-ms="9" started-at="2021-09-19T15:11:27 EDT" finished-at="2021-09-19T15:11:27 EDT">
          <reporter-output>
          </reporter-output>
        </test-method> <!-- NativeAppAndroid -->
        <test-method status="PASS" signature="iOSApp()[pri:0, instance:qaclickacademy.Mavenjava.Apium_03_Test@480bdb19]" name="iOSApp" duration-ms="1" started-at="2021-09-19T15:11:27 EDT" finished-at="2021-09-19T15:11:27 EDT">
          <reporter-output>
          </reporter-output>
        </test-method> <!-- iOSApp -->
      </class> <!-- qaclickacademy.Mavenjava.Apium_03_Test -->
    </test> <!-- Default test -->
  </suite> <!-- Default suite -->
</testng-results>
